<?xml version="1.0" encoding="UTF-8"?>
<!-- Generated by org.testng.reporters.JUnitReportReporter -->
<testsuite hostname="LAPTOP-0HN71S7B" failures="0" tests="1" name="com.pages.AllPages" time="65.710" errors="0" timestamp="2023-06-04T21:42:29 IST" skipped="0">
  <testcase classname="com.pages.AllPages" name="f" time="65.710"/>
  <system-out/>
</testsuite> <!-- com.pages.AllPages -->
